[06-Feb-2017 01:06:51 UTC] PHP Warning:  require_once(php/navigation.php): failed to open stream: No such file or directory in /home/ubuntu/workspace/Cally Dai/projects/somawater.php on line 29
[06-Feb-2017 01:06:51 UTC] PHP Stack trace:
[06-Feb-2017 01:06:51 UTC] PHP   1. {main}() /home/ubuntu/workspace/Cally Dai/projects/somawater.php:0
[06-Feb-2017 01:06:51 UTC] PHP Fatal error:  require_once(): Failed opening required 'php/navigation.php' (include_path='.:/usr/share/php:/usr/share/pear') in /home/ubuntu/workspace/Cally Dai/projects/somawater.php on line 29
[06-Feb-2017 01:06:51 UTC] PHP Stack trace:
[06-Feb-2017 01:06:51 UTC] PHP   1. {main}() /home/ubuntu/workspace/Cally Dai/projects/somawater.php:0
[06-Feb-2017 01:16:57 UTC] PHP Warning:  require_once(php/navigation.php): failed to open stream: No such file or directory in /home/ubuntu/workspace/Cally Dai/projects/canopy.php on line 30
[06-Feb-2017 01:16:57 UTC] PHP Stack trace:
[06-Feb-2017 01:16:57 UTC] PHP   1. {main}() /home/ubuntu/workspace/Cally Dai/projects/canopy.php:0
[06-Feb-2017 01:16:57 UTC] PHP Fatal error:  require_once(): Failed opening required 'php/navigation.php' (include_path='.:/usr/share/php:/usr/share/pear') in /home/ubuntu/workspace/Cally Dai/projects/canopy.php on line 30
[06-Feb-2017 01:16:57 UTC] PHP Stack trace:
[06-Feb-2017 01:16:57 UTC] PHP   1. {main}() /home/ubuntu/workspace/Cally Dai/projects/canopy.php:0
[06-Feb-2017 01:16:59 UTC] PHP Warning:  require_once(php/navigation.php): failed to open stream: No such file or directory in /home/ubuntu/workspace/Cally Dai/projects/canopy.php on line 30
[06-Feb-2017 01:16:59 UTC] PHP Stack trace:
[06-Feb-2017 01:16:59 UTC] PHP   1. {main}() /home/ubuntu/workspace/Cally Dai/projects/canopy.php:0
[06-Feb-2017 01:16:59 UTC] PHP Fatal error:  require_once(): Failed opening required 'php/navigation.php' (include_path='.:/usr/share/php:/usr/share/pear') in /home/ubuntu/workspace/Cally Dai/projects/canopy.php on line 30
[06-Feb-2017 01:16:59 UTC] PHP Stack trace:
[06-Feb-2017 01:16:59 UTC] PHP   1. {main}() /home/ubuntu/workspace/Cally Dai/projects/canopy.php:0
[08-Feb-2017 20:11:50 UTC] PHP Warning:  require_once(php/footer.php): failed to open stream: No such file or directory in /home/ubuntu/workspace/Cally Dai/projects/spotify.php on line 195
[08-Feb-2017 20:11:50 UTC] PHP Stack trace:
[08-Feb-2017 20:11:50 UTC] PHP   1. {main}() /home/ubuntu/workspace/Cally Dai/projects/spotify.php:0
[08-Feb-2017 20:11:50 UTC] PHP Fatal error:  require_once(): Failed opening required 'php/footer.php' (include_path='.:/usr/share/php:/usr/share/pear') in /home/ubuntu/workspace/Cally Dai/projects/spotify.php on line 195
[08-Feb-2017 20:11:50 UTC] PHP Stack trace:
[08-Feb-2017 20:11:50 UTC] PHP   1. {main}() /home/ubuntu/workspace/Cally Dai/projects/spotify.php:0
[30-Apr-2017 23:39:44 UTC] PHP Warning:  require_once(php/navigation.php): failed to open stream: No such file or directory in /home/ubuntu/workspace/Cally Dai/projects/glifft.1.php on line 24
[30-Apr-2017 23:39:44 UTC] PHP Stack trace:
[30-Apr-2017 23:39:44 UTC] PHP   1. {main}() /home/ubuntu/workspace/Cally Dai/projects/glifft.1.php:0
[30-Apr-2017 23:39:44 UTC] PHP Fatal error:  require_once(): Failed opening required 'php/navigation.php' (include_path='.:/usr/share/php:/usr/share/pear') in /home/ubuntu/workspace/Cally Dai/projects/glifft.1.php on line 24
[30-Apr-2017 23:39:44 UTC] PHP Stack trace:
[30-Apr-2017 23:39:44 UTC] PHP   1. {main}() /home/ubuntu/workspace/Cally Dai/projects/glifft.1.php:0
[01-May-2017 16:42:21 UTC] PHP Warning:  require_once(php/head.php): failed to open stream: No such file or directory in /home/ubuntu/workspace/Cally Dai/projects/glifft.1.php on line 4
[01-May-2017 16:42:21 UTC] PHP Stack trace:
[01-May-2017 16:42:21 UTC] PHP   1. {main}() /home/ubuntu/workspace/Cally Dai/projects/glifft.1.php:0
[01-May-2017 16:42:21 UTC] PHP Fatal error:  require_once(): Failed opening required 'php/head.php' (include_path='.:/usr/share/php:/usr/share/pear') in /home/ubuntu/workspace/Cally Dai/projects/glifft.1.php on line 4
[01-May-2017 16:42:21 UTC] PHP Stack trace:
[01-May-2017 16:42:21 UTC] PHP   1. {main}() /home/ubuntu/workspace/Cally Dai/projects/glifft.1.php:0
[01-May-2017 17:06:52 UTC] PHP Warning:  require_once(php/head.php): failed to open stream: No such file or directory in /home/ubuntu/workspace/Cally Dai/projects/glifft.1.php on line 4
[01-May-2017 17:06:52 UTC] PHP Stack trace:
[01-May-2017 17:06:52 UTC] PHP   1. {main}() /home/ubuntu/workspace/Cally Dai/projects/glifft.1.php:0
[01-May-2017 17:06:52 UTC] PHP Fatal error:  require_once(): Failed opening required 'php/head.php' (include_path='.:/usr/share/php:/usr/share/pear') in /home/ubuntu/workspace/Cally Dai/projects/glifft.1.php on line 4
[01-May-2017 17:06:52 UTC] PHP Stack trace:
[01-May-2017 17:06:52 UTC] PHP   1. {main}() /home/ubuntu/workspace/Cally Dai/projects/glifft.1.php:0
[01-May-2017 17:08:29 UTC] PHP Warning:  require_once(php/head.php): failed to open stream: No such file or directory in /home/ubuntu/workspace/Cally Dai/projects/glifft.1.php on line 4
[01-May-2017 17:08:29 UTC] PHP Stack trace:
[01-May-2017 17:08:29 UTC] PHP   1. {main}() /home/ubuntu/workspace/Cally Dai/projects/glifft.1.php:0
[01-May-2017 17:08:29 UTC] PHP Fatal error:  require_once(): Failed opening required 'php/head.php' (include_path='.:/usr/share/php:/usr/share/pear') in /home/ubuntu/workspace/Cally Dai/projects/glifft.1.php on line 4
[01-May-2017 17:08:29 UTC] PHP Stack trace:
[01-May-2017 17:08:29 UTC] PHP   1. {main}() /home/ubuntu/workspace/Cally Dai/projects/glifft.1.php:0
